This file contains any messages produced by compilers while
running configure, to aid debugging if configure makes a mistake.

It was created by znc configure 0.096, which was
generated by GNU Autoconf 2.67.  Invocation command line was

  $ ./configure 

## --------- ##
## Platform. ##
## --------- ##

hostname = lapintosh
uname -m = i386
uname -r = 10.4.0
uname -s = Darwin
uname -v = Darwin Kernel Version 10.4.0: Fri Apr 23 18:28:53 PDT 2010; root:xnu-1504.7.4~1/RELEASE_I386

/usr/bin/uname -p = i386
/bin/uname -X     = unknown

/bin/arch              = unknown
/usr/bin/arch -k       = unknown
/usr/convex/getsysinfo = unknown
/usr/bin/hostinfo      = Mach kernel version:
	 Darwin Kernel Version 10.4.0: Fri Apr 23 18:28:53 PDT 2010; root:xnu-1504.7.4~1/RELEASE_I386
Kernel configured for up to 4 processors.
2 processors are physically available.
4 processors are logically available.
Processor type: i486 (Intel 80486)
Processors active: 0 1 2 3
Primary memory available: 8.00 gigabytes
Default processor set: 165 tasks, 713 threads, 4 processors
Load average: 0.49, Mach factor: 3.50
/bin/machine           = unknown
/usr/bin/oslevel       = unknown
/bin/universe          = unknown

PATH: /usr/local/bin
PATH: /sw/bin
PATH: ~/.bin
PATH: ~/Programs/bin/
PATH: /usr/bin
PATH: /bin
PATH: /usr/sbin
PATH: /sbin
PATH: /usr/local/bin
PATH: /usr/local/git/bin
PATH: /usr/X11/bin
PATH: ~/Programs/Cellar/node//bin
PATH: /opt/local/bin


## ----------- ##
## Core tests. ##
## ----------- ##

configure:1993: checking for g++
configure:2009: found /usr/bin/g++
configure:2020: result: g++
configure:2047: checking for C++ compiler version
configure:2056: g++ --version >&5
i686-apple-darwin10-g++-4.2.1 (GCC) 4.2.1 (Apple Inc. build 5664)
Copyright (C) 2007 Free Software Foundation, Inc.
This is free software; see the source for copying conditions.  There is NO
warranty; not even for MERCHANTABILITY or FITNESS FOR A PARTICULAR PURPOSE.

configure:2067: $? = 0
configure:2056: g++ -v >&5
Using built-in specs.
Target: i686-apple-darwin10
Configured with: /var/tmp/gcc/gcc-5664~105/src/configure --disable-checking --enable-werror --prefix=/usr --mandir=/share/man --enable-languages=c,objc,c++,obj-c++ --program-transform-name=/^[cg][^.-]*$/s/$/-4.2/ --with-slibdir=/usr/lib --build=i686-apple-darwin10 --program-prefix=i686-apple-darwin10- --host=x86_64-apple-darwin10 --target=i686-apple-darwin10 --with-gxx-include-dir=/include/c++/4.2.1
Thread model: posix
gcc version 4.2.1 (Apple Inc. build 5664)
configure:2067: $? = 0
configure:2056: g++ -V >&5
g++-4.2: argument to `-V' is missing
configure:2067: $? = 1
configure:2056: g++ -qversion >&5
i686-apple-darwin10-g++-4.2.1: no input files
configure:2067: $? = 1
configure:2087: checking whether the C++ compiler works
configure:2109: g++     conftest.cpp  >&5
configure:2113: $? = 0
configure:2161: result: yes
configure:2164: checking for C++ compiler default output file name
configure:2166: result: a.out
configure:2172: checking for suffix of executables
configure:2179: g++ -o conftest     conftest.cpp  >&5
configure:2183: $? = 0
configure:2205: result: 
configure:2227: checking whether we are cross compiling
configure:2235: g++ -o conftest     conftest.cpp  >&5
configure:2239: $? = 0
configure:2246: ./conftest
configure:2250: $? = 0
configure:2265: result: no
configure:2270: checking for suffix of object files
configure:2292: g++ -c    conftest.cpp >&5
configure:2296: $? = 0
configure:2317: result: o
configure:2321: checking whether we are using the GNU C++ compiler
configure:2340: g++ -c    conftest.cpp >&5
configure:2340: $? = 0
configure:2349: result: yes
configure:2358: checking whether g++ accepts -g
configure:2378: g++ -c -g  conftest.cpp >&5
configure:2378: $? = 0
configure:2419: result: yes
configure:2485: checking for a BSD-compatible install
configure:2553: result: /usr/bin/install -c
configure:2568: checking build system type
configure:2582: result: i386-apple-darwin10.4.0
configure:2602: checking host system type
configure:2615: result: i386-apple-darwin10.4.0
configure:2643: checking for special C compiler options needed for large files
configure:2673: g++ -c    conftest.cpp >&5
configure:2673: $? = 0
configure:2688: result: no
configure:2694: checking for _FILE_OFFSET_BITS value needed for large files
configure:2719: g++ -c    conftest.cpp >&5
configure:2719: $? = 0
configure:2751: result: no
configure:2995: checking for getopt_long in -lgnugetopt
configure:3020: g++ -o conftest   -D_FORTIFY_SOURCE=2 -O2 -DHAVE_IPV6 -Wall -W -Wno-unused-parameter -Woverloaded-virtual -Wshadow -DCSOCK_USE_POLL   conftest.cpp -lgnugetopt   >&5
ld: library not found for -lgnugetopt
collect2: ld returned 1 exit status
configure:3020: $? = 1
configure: failed program was:
| /* confdefs.h */
| #define PACKAGE_NAME "znc"
| #define PACKAGE_TARNAME "znc"
| #define PACKAGE_VERSION "0.096"
| #define PACKAGE_STRING "znc 0.096"
| #define PACKAGE_BUGREPORT ""
| #define PACKAGE_URL ""
| /* end confdefs.h.  */
| 
| /* Override any GCC internal prototype to avoid an error.
|    Use char because int might match the return type of a GCC
|    builtin and then its argument prototype would still apply.  */
| #ifdef __cplusplus
| extern "C"
| #endif
| char getopt_long ();
| int
| main ()
| {
| return getopt_long ();
|   ;
|   return 0;
| }
configure:3029: result: no
configure:3040: checking for lstat
configure:3040: g++ -o conftest   -D_FORTIFY_SOURCE=2 -O2 -DHAVE_IPV6 -Wall -W -Wno-unused-parameter -Woverloaded-virtual -Wshadow -DCSOCK_USE_POLL   conftest.cpp  >&5
configure:3040: $? = 0
configure:3040: result: yes
configure:3098: checking for pkg-config
configure:3116: found /usr/local/bin/pkg-config
configure:3128: result: /usr/local/bin/pkg-config
configure:3153: checking pkg-config is at least version 0.9.0
configure:3156: result: yes
configure:3173: checking for dlopen
configure:3173: g++ -o conftest   -D_FORTIFY_SOURCE=2 -O2 -DHAVE_IPV6 -Wall -W -Wno-unused-parameter -Woverloaded-virtual -Wshadow -DCSOCK_USE_POLL -DHAVE_LSTAT   conftest.cpp  >&5
configure:3173: $? = 0
configure:3173: result: yes
configure:3178: checking for dlopen in -ldl
configure:3203: g++ -o conftest   -D_FORTIFY_SOURCE=2 -O2 -DHAVE_IPV6 -Wall -W -Wno-unused-parameter -Woverloaded-virtual -Wshadow -DCSOCK_USE_POLL -DHAVE_LSTAT   conftest.cpp -ldl   >&5
configure:3203: $? = 0
configure:3212: result: yes
configure:3246: checking for c_ares
configure:3253: $PKG_CONFIG --exists --print-errors "libcares >= 1.5.0"
Package libcares was not found in the pkg-config search path.
Perhaps you should add the directory containing `libcares.pc'
to the PKG_CONFIG_PATH environment variable
No package 'libcares' found
configure:3256: $? = 1
configure:3269: $PKG_CONFIG --exists --print-errors "libcares >= 1.5.0"
Package libcares was not found in the pkg-config search path.
Perhaps you should add the directory containing `libcares.pc'
to the PKG_CONFIG_PATH environment variable
No package 'libcares' found
configure:3272: $? = 1
configure:3285: result: no
No package 'libcares' found
configure:3322: WARNING: c-ares was not found and thus disabled
configure:3347: checking for openssl
configure:3354: $PKG_CONFIG --exists --print-errors "openssl"
configure:3357: $? = 0
configure:3370: $PKG_CONFIG --exists --print-errors "openssl"
configure:3373: $? = 0
configure:3604: result: yes
configure:4228: creating ./config.status

## ---------------------- ##
## Running config.status. ##
## ---------------------- ##

This file was extended by znc config.status 0.096, which was
generated by GNU Autoconf 2.67.  Invocation command line was

  CONFIG_FILES    = 
  CONFIG_HEADERS  = 
  CONFIG_LINKS    = 
  CONFIG_COMMANDS = 
  $ ./config.status 

on lapintosh

config.status:769: creating Makefile
config.status:769: creating znc-config
config.status:769: creating znc-buildmod
config.status:769: creating man/Makefile
config.status:769: creating znc.pc
config.status:769: creating znc-uninstalled.pc
config.status:769: creating modules/Makefile

## ---------------- ##
## Cache variables. ##
## ---------------- ##

ac_cv_build=i386-apple-darwin10.4.0
ac_cv_cxx_compiler_gnu=yes
ac_cv_env_CCC_set=
ac_cv_env_CCC_value=
ac_cv_env_CPPFLAGS_set=
ac_cv_env_CPPFLAGS_value=
ac_cv_env_CXXFLAGS_set=
ac_cv_env_CXXFLAGS_value=
ac_cv_env_CXX_set=
ac_cv_env_CXX_value=
ac_cv_env_LDFLAGS_set=
ac_cv_env_LDFLAGS_value=
ac_cv_env_LIBS_set=
ac_cv_env_LIBS_value=
ac_cv_env_PKG_CONFIG_LIBDIR_set=
ac_cv_env_PKG_CONFIG_LIBDIR_value=
ac_cv_env_PKG_CONFIG_PATH_set=
ac_cv_env_PKG_CONFIG_PATH_value=
ac_cv_env_PKG_CONFIG_set=
ac_cv_env_PKG_CONFIG_value=
ac_cv_env_build_alias_set=
ac_cv_env_build_alias_value=
ac_cv_env_c_ares_CFLAGS_set=
ac_cv_env_c_ares_CFLAGS_value=
ac_cv_env_c_ares_LIBS_set=
ac_cv_env_c_ares_LIBS_value=
ac_cv_env_host_alias_set=
ac_cv_env_host_alias_value=
ac_cv_env_openssl_CFLAGS_set=
ac_cv_env_openssl_CFLAGS_value=
ac_cv_env_openssl_LIBS_set=
ac_cv_env_openssl_LIBS_value=
ac_cv_env_target_alias_set=
ac_cv_env_target_alias_value=
ac_cv_func_dlopen=yes
ac_cv_func_lstat=yes
ac_cv_host=i386-apple-darwin10.4.0
ac_cv_lib_dl_dlopen=yes
ac_cv_lib_gnugetopt_getopt_long=no
ac_cv_objext=o
ac_cv_path_ac_pt_PKG_CONFIG=/usr/local/bin/pkg-config
ac_cv_path_install='/usr/bin/install -c'
ac_cv_prog_ac_ct_CXX=g++
ac_cv_prog_cxx_g=yes
ac_cv_sys_file_offset_bits=no
ac_cv_sys_largefile_CC=no
pkg_cv_openssl_CFLAGS='-I/Users/syco/Programs/include  '
pkg_cv_openssl_LIBS='-L/Users/syco/Programs/lib -lssl -lcrypto -lz  '

## ----------------- ##
## Output variables. ##
## ----------------- ##

CHARSET=''
CPPFLAGS=''
CXX='g++'
CXXFLAGS='  -D_FORTIFY_SOURCE=2 -O2 -DHAVE_IPV6 -Wall -W -Wno-unused-parameter -Woverloaded-virtual -Wshadow -DCSOCK_USE_POLL -DHAVE_LSTAT -I/Users/syco/Programs/include   -DHAVE_LIBSSL -D_MODDIR_=\"${exec_prefix}/lib/znc\" -D_DATADIR_=\"${datarootdir}/znc\"'
DATADIR='${datarootdir}/znc'
DEFS='-DPACKAGE_NAME=\"znc\" -DPACKAGE_TARNAME=\"znc\" -DPACKAGE_VERSION=\"0.096\" -DPACKAGE_STRING=\"znc\ 0.096\" -DPACKAGE_BUGREPORT=\"\" -DPACKAGE_URL=\"\"'
ECHO_C='\c'
ECHO_N=''
ECHO_T=''
EXEEXT=''
EXTRA='no'
INSTALL_DATA='${INSTALL} -m 644'
INSTALL_PROGRAM='${INSTALL}'
INSTALL_SCRIPT='${INSTALL}'
LDFLAGS=''
LIBICONV=''
LIBOBJS=''
LIBS='-ldl  -L/Users/syco/Programs/lib -lssl -lcrypto -lz  '
LIBZNC=''
LIBZNCDIR=''
LTLIBOBJS=''
MODDIR='${exec_prefix}/lib/znc'
MODFLAGS='  -D_FORTIFY_SOURCE=2 -O2 -DHAVE_IPV6 -Wall -W -Wno-unused-parameter -Woverloaded-virtual -Wshadow -DCSOCK_USE_POLL -DHAVE_LSTAT -I/Users/syco/Programs/include   -DHAVE_LIBSSL -fPIC'
MODLINK='-bundle -flat_namespace -undefined suppress'
NOSSL=''
OBJEXT='o'
PACKAGE_BUGREPORT=''
PACKAGE_NAME='znc'
PACKAGE_STRING='znc 0.096'
PACKAGE_TARNAME='znc'
PACKAGE_URL=''
PACKAGE_VERSION='0.096'
PATH_SEPARATOR=':'
PERL_BINARY=''
PKG_CONFIG='/usr/local/bin/pkg-config'
PKG_CONFIG_LIBDIR=''
PKG_CONFIG_PATH=''
SASL=''
SHELL='/bin/sh'
SWIG_BINARY=''
TCL_FLAGS=''
ac_ct_CXX='g++'
bindir='${exec_prefix}/bin'
build='i386-apple-darwin10.4.0'
build_alias=''
build_cpu='i386'
build_os='darwin10.4.0'
build_vendor='apple'
c_ares_CFLAGS=''
c_ares_LIBS=''
datadir='${datarootdir}'
datarootdir='${prefix}/share'
docdir='${datarootdir}/doc/${PACKAGE_TARNAME}'
dvidir='${docdir}'
exec_prefix='${prefix}'
host='i386-apple-darwin10.4.0'
host_alias=''
host_cpu='i386'
host_os='darwin10.4.0'
host_vendor='apple'
htmldir='${docdir}'
includedir='${prefix}/include'
infodir='${datarootdir}/info'
libdir='${exec_prefix}/lib'
libexecdir='${exec_prefix}/libexec'
localedir='${datarootdir}/locale'
localstatedir='${prefix}/var'
mandir='${datarootdir}/man'
oldincludedir='/usr/include'
openssl_CFLAGS='-I/Users/syco/Programs/include  '
openssl_LIBS='-L/Users/syco/Programs/lib -lssl -lcrypto -lz  '
pdfdir='${docdir}'
prefix='/usr/local'
program_transform_name='s,x,x,'
psdir='${docdir}'
sbindir='${exec_prefix}/sbin'
sharedstatedir='${prefix}/com'
sysconfdir='${prefix}/etc'
target_alias=''

## ----------- ##
## confdefs.h. ##
## ----------- ##

/* confdefs.h */
#define PACKAGE_NAME "znc"
#define PACKAGE_TARNAME "znc"
#define PACKAGE_VERSION "0.096"
#define PACKAGE_STRING "znc 0.096"
#define PACKAGE_BUGREPORT ""
#define PACKAGE_URL ""

configure: exit 0
